







info [Thu Aug 20 2020 18:24:07 GMT+0600 (GMT+06:00)]  { declaration: { attributes: { version: '1.0', encoding: 'UTF-8' } },
  elements:
   [ { type: 'element',
       name: 'root',
       attributes: { mode: 'place' },
       elements:
        [ { type: 'element',
            name: 'region',
            attributes: { guid: '7d6880aa-15b8-11e0-83e3-0010c6f42018' },
            elements:
             [ { type: 'text', text: '\r\nТолчок\r\n' },
               { type: 'element',
                 name: 'place',
                 attributes: { guid: '1c71b5d9-adf5-11e1-8099-1c6f65c2a7c6' },
                 elements: [ { type: 'text', text: 'Алканов' } ] },
               { type: 'element',
                 name: 'place',
                 attributes: { guid: '131aac14-d4c2-11ea-9158-852810b5a260' },
                 elements: [ { type: 'text', text: 'Шымкент121212' } ] },
               { type: 'element',
                 name: 'place',
                 attributes: { guid: '0ae82650-5655-11e0-92f9-1c6f6534ba9a' },
                 elements: [ { type: 'text', text: 'Шымкент - 2' } ] },
               { type: 'element',
                 name: 'place',
                 attributes: { guid: '0ae82660-5655-11e0-92f9-1c6f6534ba9a' },
                 elements: [ { type: 'text', text: 'Таможня - 1' } ] },
               { type: 'element',
                 name: 'place',
                 attributes: { guid: '0ae82739-5655-11e0-92f9-1c6f6534ba9a' },
                 elements: [ { type: 'text', text: 'Алканов - 2' } ] },
               { type: 'element',
                 name: 'place',
                 attributes: { guid: '0ae8273a-5655-11e0-92f9-1c6f6534ba9a' },
                 elements: [ { type: 'text', text: 'Алканов - 3' } ] },
               { type: 'element',
                 name: 'place',
                 attributes: { guid: '0ae8273c-5655-11e0-92f9-1c6f6534ba9a' },
                 elements: [ { type: 'text', text: 'Алканов - 5' } ] },
               { type: 'element',
                 name: 'place',
                 attributes: { guid: '1131965a-5655-11e0-92f9-1c6f6534ba9a' },
                 elements: [ { type: 'text', text: 'Алканов - 1' } ] },
               { type: 'element',
                 name: 'place',
                 attributes: { guid: '1131988d-5655-11e0-92f9-1c6f6534ba9a' },
                 elements: [ { type: 'text', text: 'Автозапчасть - 1' } ] },
               { type: 'element',
                 name: 'place',
                 attributes: { guid: '178955ac-5655-11e0-92f9-1c6f6534ba9a' },
                 elements: [ { type: 'text', text: 'Лен.школа' } ] },
               { type: 'element',
                 name: 'place',
                 attributes: { guid: '1789569f-5655-11e0-92f9-1c6f6534ba9a' },
                 elements: [ { type: 'text', text: 'Объезд' } ] },
               { type: 'element',
                 name: 'place',
                 attributes: { guid: '1789572f-5655-11e0-92f9-1c6f6534ba9a' },
                 elements: [ { type: 'text', text: 'МТФ' } ] },
               { type: 'element',
                 name: 'place',
                 attributes: { guid: '1de11454-5655-11e0-92f9-1c6f6534ba9a' },
                 elements: [ { type: 'text', text: 'АЗС' } ] },
               { type: 'element',
                 name: 'place',
                 attributes: { guid: '1de114d9-5655-11e0-92f9-1c6f6534ba9a' },
                 elements: [ { type: 'text', text: 'ГЭС-1215' } ] },
               { type: 'element',
                 name: 'place',
                 attributes: { guid: '1de11586-5655-11e0-92f9-1c6f6534ba9a' },
                 elements: [ { type: 'text', text: 'Шымкент - 1' } ] },
               { type: 'element',
                 name: 'place',
                 attributes: { guid: '858888df-887c-11e1-9626-1c6f65c2a7c6' },
                 elements: [ { type: 'text', text: 'Таможня - 2' } ] },
               { type: 'element',
                 name: 'place',
                 attributes: { guid: '4d700dd9-89d9-11e1-9626-1c6f65c2a7c6' },
                 elements: [ { type: 'text', text: 'Автозапчасть - 2' } ] },
               { type: 'element',
                 name: 'place',
                 attributes: { guid: '09c379a8-af5f-11e9-ac40-d0b0409bba86' },
                 elements: [ { type: 'text', text: 'Алканов - 4' } ] },
               { type: 'element',
                 name: 'place',
                 attributes: { guid: 'c9446b63-81e1-11e9-aece-97dcc027fe81' },
                 elements: [ { type: 'text', text: 'ГЭС-5 (2)' } ] } ] } ] } ] }
